2021-09-08 13:23:38 - Sorry,no pcap files can be found under: C:\Users\ELIJAH\Desktop\Aifruis LAB\Projects\AifrruFlowMeter/data/in/
2021-09-08 13:23:55 - Sorry,no pcap files can be found under: C:\Users\ELIJAH\Desktop\Aifruis LAB\Projects\AifrruFlowMeter/data/in/
2021-09-08 13:24:14 - Please select pcap!
2021-09-08 13:27:35 - Please select pcap!
2021-09-08 13:27:42 - Please select pcap!
2021-09-08 13:28:03 - Please select pcap!
2021-09-08 14:44:52 - Pcap is listening...
2021-09-08 14:45:04 - Pcap stop listening
2021-09-08 14:45:04 - path:C:\Users\ELIJAH\Desktop\Aifruis LAB\Projects\AifrruFlowMeter\data\daily\2021-09-08_Flow.csv
2021-09-08 14:45:23 - Pcap is listening...
2021-09-08 14:45:42 - Pcap stop listening
2021-09-08 14:45:42 - path:C:\Users\ELIJAH\Desktop\Aifruis LAB\Projects\AifrruFlowMeter\data\daily\2021-09-08_Flow.csv
2021-09-08 14:45:43 - Pcap is listening...
2021-09-08 14:46:21 - Pcap stop listening
2021-09-08 14:46:21 - path:C:\Users\ELIJAH\Desktop\Aifruis LAB\Projects\AifrruFlowMeter\data\daily\2021-09-08_Flow.csv
2021-09-08 14:46:22 - Pcap is listening...
2021-09-08 14:47:03 - Pcap stop listening
2021-09-08 14:47:03 - path:C:\Users\ELIJAH\Desktop\Aifruis LAB\Projects\AifrruFlowMeter\data\daily\2021-09-08_Flow.csv
2021-09-08 14:52:15 - Forward flow closed due to FIN Flag
2021-09-08 15:37:01 - Pcap is listening...
2021-09-08 15:37:21 - Pcap stop listening
2021-09-08 15:37:21 - path:C:\Users\ELIJAH\Desktop\Aifruis LAB\Projects\AifrruFlowMeter\data\daily\2021-09-08_Flow.csv
2021-09-08 15:37:42 - Pcap is listening...
2021-09-08 15:37:52 - Forward flow closed due to FIN Flag
2021-09-08 15:37:53 - Forward flow closed due to FIN Flag
2021-09-08 15:37:53 - Forward flow closed due to FIN Flag
2021-09-08 15:37:55 - Forward flow closed due to FIN Flag
2021-09-08 15:37:56 - Forward flow closed due to FIN Flag
2021-09-08 15:38:08 - Pcap stop listening
2021-09-08 15:38:08 - path:C:\Users\ELIJAH\Desktop\Aifruis LAB\Projects\AifrruFlowMeter\data\daily\2021-09-08_Flow.csv
2021-09-08 17:15:23 - Sorry,no pcap files can be found under: C:\Users\ELIJAH\Desktop\Aifruis LAB\Projects\AifrruFlowMeter/data/in/
2021-09-08 17:18:10 - Sorry,no pcap files can be found under: How
2021-09-08 17:19:00 - Sorry,no pcap files can be found under: C:\Users\ELIJAH\Desktop\Aifruis LAB\Projects\AifrruFlowMeter\tests" C:\Users\ELIJAH\Desktop\Aifruis
2021-09-08 17:19:33 - Sorry,no pcap files can be found under: C:\Users\ELIJAH\Desktop\Aifruis LAB\Projects\AifrruFlowMeter\tests" C:\Users\ELIJAH\Desktop\Aifruis
2021-09-08 17:21:17 - Sorry,no pcap files can be found under: C:\Users\ELIJAH\Desktop\Aifruis
2021-09-08 17:23:18 - Sorry,no pcap files can be found under: C:\Users\ELIJAH\Desktop\Aifruis
